INFO: [VRFC 10-2263] Analyzing Verilog file "/media/psf/DigitalDesign/vivado/salsa20/salsa20.sim/sim_1/synth/timing/xsim/tb_Salsa20_time_synth.v" into library xil_defaultlib
INFO: [VRFC 10-311] analyzing module Salsa20
INFO: [VRFC 10-311] analyzing module Salsa20ColumnRound
INFO: [VRFC 10-311] analyzing module Salsa20ColumnRound_16
INFO: [VRFC 10-311] analyzing module Salsa20ColumnRound_26
INFO: [VRFC 10-311] analyzing module Salsa20ColumnRound_36
INFO: [VRFC 10-311] analyzing module Salsa20ColumnRound_46
INFO: [VRFC 10-311] analyzing module Salsa20ColumnRound_56
INFO: [VRFC 10-311] analyzing module Salsa20ColumnRound_66
INFO: [VRFC 10-311] analyzing module Salsa20ColumnRound_76
INFO: [VRFC 10-311] analyzing module Salsa20ColumnRound_86
INFO: [VRFC 10-311] analyzing module Salsa20ColumnRound_96
INFO: [VRFC 10-311] analyzing module Salsa20Core
INFO: [VRFC 10-311] analyzing module Salsa20DoubleRound
INFO: [VRFC 10-311] analyzing module Salsa20DoubleRound_0
INFO: [VRFC 10-311] analyzing module Salsa20DoubleRound_1
INFO: [VRFC 10-311] analyzing module Salsa20DoubleRound_2
INFO: [VRFC 10-311] analyzing module Salsa20DoubleRound_3
INFO: [VRFC 10-311] analyzing module Salsa20DoubleRound_4
INFO: [VRFC 10-311] analyzing module Salsa20DoubleRound_5
INFO: [VRFC 10-311] analyzing module Salsa20DoubleRound_6
INFO: [VRFC 10-311] analyzing module Salsa20DoubleRound_7
INFO: [VRFC 10-311] analyzing module Salsa20DoubleRound_8
INFO: [VRFC 10-311] analyzing module Salsa20Hash
INFO: [VRFC 10-311] analyzing module Salsa20Key
INFO: [VRFC 10-311] analyzing module Salsa20QuarterRound
INFO: [VRFC 10-311] analyzing module Salsa20QuarterRound_10
INFO: [VRFC 10-311] analyzing module Salsa20QuarterRound_100
INFO: [VRFC 10-311] analyzing module Salsa20QuarterRound_101
INFO: [VRFC 10-311] analyzing module Salsa20QuarterRound_102
INFO: [VRFC 10-311] analyzing module Salsa20QuarterRound_103
INFO: [VRFC 10-311] analyzing module Salsa20QuarterRound_104
INFO: [VRFC 10-311] analyzing module Salsa20QuarterRound_105
INFO: [VRFC 10-311] analyzing module Salsa20QuarterRound_11
INFO: [VRFC 10-311] analyzing module Salsa20QuarterRound_12
INFO: [VRFC 10-311] analyzing module Salsa20QuarterRound_13
INFO: [VRFC 10-311] analyzing module Salsa20QuarterRound_14
INFO: [VRFC 10-311] analyzing module Salsa20QuarterRound_15
INFO: [VRFC 10-311] analyzing module Salsa20QuarterRound_18
INFO: [VRFC 10-311] analyzing module Salsa20QuarterRound_19
INFO: [VRFC 10-311] analyzing module Salsa20QuarterRound_20
INFO: [VRFC 10-311] analyzing module Salsa20QuarterRound_21
INFO: [VRFC 10-311] analyzing module Salsa20QuarterRound_22
INFO: [VRFC 10-311] analyzing module Salsa20QuarterRound_23
INFO: [VRFC 10-311] analyzing module Salsa20QuarterRound_24
INFO: [VRFC 10-311] analyzing module Salsa20QuarterRound_25
INFO: [VRFC 10-311] analyzing module Salsa20QuarterRound_28
INFO: [VRFC 10-311] analyzing module Salsa20QuarterRound_29
INFO: [VRFC 10-311] analyzing module Salsa20QuarterRound_30
INFO: [VRFC 10-311] analyzing module Salsa20QuarterRound_31
INFO: [VRFC 10-311] analyzing module Salsa20QuarterRound_32
INFO: [VRFC 10-311] analyzing module Salsa20QuarterRound_33
INFO: [VRFC 10-311] analyzing module Salsa20QuarterRound_34
INFO: [VRFC 10-311] analyzing module Salsa20QuarterRound_35
INFO: [VRFC 10-311] analyzing module Salsa20QuarterRound_38
INFO: [VRFC 10-311] analyzing module Salsa20QuarterRound_39
INFO: [VRFC 10-311] analyzing module Salsa20QuarterRound_40
INFO: [VRFC 10-311] analyzing module Salsa20QuarterRound_41
INFO: [VRFC 10-311] analyzing module Salsa20QuarterRound_42
INFO: [VRFC 10-311] analyzing module Salsa20QuarterRound_43
INFO: [VRFC 10-311] analyzing module Salsa20QuarterRound_44
INFO: [VRFC 10-311] analyzing module Salsa20QuarterRound_45
INFO: [VRFC 10-311] analyzing module Salsa20QuarterRound_48
INFO: [VRFC 10-311] analyzing module Salsa20QuarterRound_49
INFO: [VRFC 10-311] analyzing module Salsa20QuarterRound_50
INFO: [VRFC 10-311] analyzing module Salsa20QuarterRound_51
INFO: [VRFC 10-311] analyzing module Salsa20QuarterRound_52
INFO: [VRFC 10-311] analyzing module Salsa20QuarterRound_53
INFO: [VRFC 10-311] analyzing module Salsa20QuarterRound_54
INFO: [VRFC 10-311] analyzing module Salsa20QuarterRound_55
INFO: [VRFC 10-311] analyzing module Salsa20QuarterRound_58
INFO: [VRFC 10-311] analyzing module Salsa20QuarterRound_59
INFO: [VRFC 10-311] analyzing module Salsa20QuarterRound_60
INFO: [VRFC 10-311] analyzing module Salsa20QuarterRound_61
INFO: [VRFC 10-311] analyzing module Salsa20QuarterRound_62
INFO: [VRFC 10-311] analyzing module Salsa20QuarterRound_63
INFO: [VRFC 10-311] analyzing module Salsa20QuarterRound_64
INFO: [VRFC 10-311] analyzing module Salsa20QuarterRound_65
INFO: [VRFC 10-311] analyzing module Salsa20QuarterRound_68
INFO: [VRFC 10-311] analyzing module Salsa20QuarterRound_69
INFO: [VRFC 10-311] analyzing module Salsa20QuarterRound_70
INFO: [VRFC 10-311] analyzing module Salsa20QuarterRound_71
INFO: [VRFC 10-311] analyzing module Salsa20QuarterRound_72
INFO: [VRFC 10-311] analyzing module Salsa20QuarterRound_73
INFO: [VRFC 10-311] analyzing module Salsa20QuarterRound_74
INFO: [VRFC 10-311] analyzing module Salsa20QuarterRound_75
INFO: [VRFC 10-311] analyzing module Salsa20QuarterRound_78
INFO: [VRFC 10-311] analyzing module Salsa20QuarterRound_79
INFO: [VRFC 10-311] analyzing module Salsa20QuarterRound_80
INFO: [VRFC 10-311] analyzing module Salsa20QuarterRound_81
INFO: [VRFC 10-311] analyzing module Salsa20QuarterRound_82
INFO: [VRFC 10-311] analyzing module Salsa20QuarterRound_83
INFO: [VRFC 10-311] analyzing module Salsa20QuarterRound_84
INFO: [VRFC 10-311] analyzing module Salsa20QuarterRound_85
INFO: [VRFC 10-311] analyzing module Salsa20QuarterRound_88
INFO: [VRFC 10-311] analyzing module Salsa20QuarterRound_89
INFO: [VRFC 10-311] analyzing module Salsa20QuarterRound_9
INFO: [VRFC 10-311] analyzing module Salsa20QuarterRound_90
INFO: [VRFC 10-311] analyzing module Salsa20QuarterRound_91
INFO: [VRFC 10-311] analyzing module Salsa20QuarterRound_92
INFO: [VRFC 10-311] analyzing module Salsa20QuarterRound_93
INFO: [VRFC 10-311] analyzing module Salsa20QuarterRound_94
INFO: [VRFC 10-311] analyzing module Salsa20QuarterRound_95
INFO: [VRFC 10-311] analyzing module Salsa20QuarterRound_98
INFO: [VRFC 10-311] analyzing module Salsa20QuarterRound_99
INFO: [VRFC 10-311] analyzing module Salsa20RowRound
INFO: [VRFC 10-311] analyzing module Salsa20RowRound_17
INFO: [VRFC 10-311] analyzing module Salsa20RowRound_27
INFO: [VRFC 10-311] analyzing module Salsa20RowRound_37
INFO: [VRFC 10-311] analyzing module Salsa20RowRound_47
INFO: [VRFC 10-311] analyzing module Salsa20RowRound_57
INFO: [VRFC 10-311] analyzing module Salsa20RowRound_67
INFO: [VRFC 10-311] analyzing module Salsa20RowRound_77
INFO: [VRFC 10-311] analyzing module Salsa20RowRound_87
INFO: [VRFC 10-311] analyzing module Salsa20RowRound_97
INFO: [VRFC 10-311] analyzing module glbl
INFO: [VRFC 10-2263] Analyzing SystemVerilog file "/media/psf/DigitalDesign/vivado/salsa20/salsa20.srcs/sources_1/new/pkg_salsa.sv" into library xil_defaultlib
INFO: [VRFC 10-2263] Analyzing SystemVerilog file "/media/psf/DigitalDesign/vivado/salsa20/salsa20.srcs/sim_1/new/tb_Salsa20.sv" into library xil_defaultlib
INFO: [VRFC 10-311] analyzing module tb_Salsa20
