Vivado Simulator 2020.2
Copyright 1986-1999, 2001-2020 Xilinx, Inc. All Rights Reserved.
Running: /opt/xilinx/Vivado/2020.2/bin/unwrapped/lnx64.o/xelab -wto 9188e66cf7c443b38e5480d19e80ea73 --incr --debug typical --relax --mt 8 -L xil_defaultlib -L uvm -L unisims_ver -L secureip --snapshot tb_Salsa20_ok_func_synth xil_defaultlib.tb_Salsa20_ok xil_defaultlib.glbl -log elaborate.log 
Using 8 slave threads.
Starting static elaboration
Pass Through NonSizing Optimizer
Completed static elaboration
Starting simulation data flow analysis
Completed simulation data flow analysis
Time Resolution for simulation is 1ps
Compiling package xil_defaultlib.pkg_salsa
Compiling module unisims_ver.FDRE_default
Compiling module unisims_ver.LUT4
Compiling module unisims_ver.LUT5
Compiling module unisims_ver.CARRY4
Compiling module unisims_ver.x_lut3_mux8
Compiling module unisims_ver.LUT3
Compiling module unisims_ver.LUT6
Compiling module unisims_ver.x_lut2_mux4
Compiling module unisims_ver.LUT2
Compiling module xil_defaultlib.Salsa20QuarterRound_3
Compiling module xil_defaultlib.Salsa20QuarterRound_4
Compiling module xil_defaultlib.Salsa20QuarterRound_5
Compiling module xil_defaultlib.Salsa20QuarterRound_6
Compiling module xil_defaultlib.Salsa20ColumnRound
Compiling module xil_defaultlib.Salsa20QuarterRound
Compiling module xil_defaultlib.Salsa20QuarterRound_0
Compiling module xil_defaultlib.Salsa20QuarterRound_1
Compiling module xil_defaultlib.Salsa20QuarterRound_2
Compiling module xil_defaultlib.Salsa20RowRound
Compiling module xil_defaultlib.Salsa20DoubleRound
Compiling module unisims_ver.FDSE_default
Compiling module xil_defaultlib.Salsa20Hash
Compiling module unisims_ver.x_lut1_mux2
Compiling module unisims_ver.LUT1
Compiling module xil_defaultlib.Salsa20Key
Compiling module unisims_ver.MUXF8
Compiling module unisims_ver.MUXF7
Compiling module xil_defaultlib.Salsa20DoubleKeys
Compiling module unisims_ver.IBUF
Compiling module unisims_ver.BUFG
Compiling module unisims_ver.OBUF
Compiling module xil_defaultlib.Salsa20
Compiling module xil_defaultlib.tb_Salsa20_ok
WARNING: [XSIM 43-3373] "/media/psf/DigitalDesign/vivado/salsa20/salsa20.srcs/sources_1/new/tb_Salsa20_new.sv" Line 57. System function $fread is used as system task. This system function should have a LHS e.g. x=$fread().
WARNING: [XSIM 43-3373] "/media/psf/DigitalDesign/vivado/salsa20/salsa20.srcs/sources_1/new/tb_Salsa20_new.sv" Line 58. System function $fread is used as system task. This system function should have a LHS e.g. x=$fread().
WARNING: [XSIM 43-3373] "/media/psf/DigitalDesign/vivado/salsa20/salsa20.srcs/sources_1/new/tb_Salsa20_new.sv" Line 59. System function $fread is used as system task. This system function should have a LHS e.g. x=$fread().
WARNING: [XSIM 43-3373] "/media/psf/DigitalDesign/vivado/salsa20/salsa20.srcs/sources_1/new/tb_Salsa20_new.sv" Line 65. System function $fread is used as system task. This system function should have a LHS e.g. x=$fread().
WARNING: [XSIM 43-3373] "/media/psf/DigitalDesign/vivado/salsa20/salsa20.srcs/sources_1/new/tb_Salsa20_new.sv" Line 75. System function $fread is used as system task. This system function should have a LHS e.g. x=$fread().
WARNING: [XSIM 43-3373] "/media/psf/DigitalDesign/vivado/salsa20/salsa20.srcs/sources_1/new/tb_Salsa20_new.sv" Line 81. System function $fread is used as system task. This system function should have a LHS e.g. x=$fread().
WARNING: [XSIM 43-3373] "/media/psf/DigitalDesign/vivado/salsa20/salsa20.srcs/sources_1/new/tb_Salsa20_new.sv" Line 87. System function $fread is used as system task. This system function should have a LHS e.g. x=$fread().
WARNING: [XSIM 43-3373] "/media/psf/DigitalDesign/vivado/salsa20/salsa20.srcs/sources_1/new/tb_Salsa20_new.sv" Line 93. System function $fread is used as system task. This system function should have a LHS e.g. x=$fread().
WARNING: [XSIM 43-3373] "/media/psf/DigitalDesign/vivado/salsa20/salsa20.srcs/sources_1/new/tb_Salsa20_new.sv" Line 99. System function $fread is used as system task. This system function should have a LHS e.g. x=$fread().
WARNING: [XSIM 43-3373] "/media/psf/DigitalDesign/vivado/salsa20/salsa20.srcs/sources_1/new/tb_Salsa20_new.sv" Line 107. System function $fread is used as system task. This system function should have a LHS e.g. x=$fread().
WARNING: [XSIM 43-3373] "/media/psf/DigitalDesign/vivado/salsa20/salsa20.srcs/sources_1/new/tb_Salsa20_new.sv" Line 108. System function $fread is used as system task. This system function should have a LHS e.g. x=$fread().
Compiling module xil_defaultlib.glbl
Built simulation snapshot tb_Salsa20_ok_func_synth
