Vivado Simulator 2020.2
Time resolution is 1 ps
Encryption Block           0; Chunk           0 Passed!
Encryption Block           0; Chunk           1 Passed!
Encryption Block           0; Chunk           2 Passed!
Encryption Block           0; Chunk           3 Passed!
Encryption Block           0; Chunk           4 Passed!
Encryption Block           0; Chunk           5 Passed!
Encryption Block           0; Chunk           6 Passed!
Encryption Block           0; Chunk           7 Passed!
Encryption Block           1; Chunk           0 Passed!
Encryption Block           1; Chunk           1 Passed!
Encryption Block           1; Chunk           2 Passed!
Encryption Block           1; Chunk           3 Passed!
Encryption Block           1; Chunk           4 Passed!
Encryption Block           1; Chunk           5 Passed!
Encryption Block           1; Chunk           6 Passed!
Encryption Block           1; Chunk           7 Passed!
Encryption Block           2; Chunk           0 Passed!
Encryption Block           2; Chunk           1 Passed!
Encryption Block           2; Chunk           2 Passed!
Encryption Block           2; Chunk           3 Passed!
Encryption Block           2; Chunk           4 Passed!
Encryption Block           2; Chunk           5 Passed!
Encryption Block           2; Chunk           6 Passed!
Encryption Block           2; Chunk           7 Passed!
Encryption Block           3; Chunk           0 Passed!
Encryption Block           3; Chunk           1 Passed!
Encryption Block           3; Chunk           2 Passed!
Encryption Block           3; Chunk           3 Passed!
Encryption Block           3; Chunk           4 Passed!
Encryption Block           3; Chunk           5 Passed!
Encryption Block           3; Chunk           6 Passed!
Encryption Block           3; Chunk           7 Passed!
Encryption Block           4; Chunk           0 Passed!
Encryption Block           4; Chunk           1 Passed!
Encryption Block           4; Chunk           2 Passed!
Encryption Block           4; Chunk           3 Passed!
Encryption Block           4; Chunk           4 Passed!
Encryption Block           4; Chunk           5 Passed!
Encryption Block           4; Chunk           6 Passed!
Encryption Block           4; Chunk           7 Passed!
Encryption Block           5; Chunk           0 Passed!
Encryption Block           5; Chunk           1 Passed!
Encryption Block           5; Chunk           2 Passed!
Encryption Block           5; Chunk           3 Passed!
Encryption Block           5; Chunk           4 Passed!
Encryption Block           5; Chunk           5 Passed!
Encryption Block           5; Chunk           6 Passed!
Encryption Block           5; Chunk           7 Passed!
Encryption Block           6; Chunk           0 Passed!
Encryption Block           6; Chunk           1 Passed!
Encryption Block           6; Chunk           2 Passed!
Encryption Block           6; Chunk           3 Passed!
Encryption Block           6; Chunk           4 Passed!
Encryption Block           6; Chunk           5 Passed!
Encryption Block           6; Chunk           6 Passed!
Encryption Block           6; Chunk           7 Passed!
Encryption Block           7; Chunk           0 Passed!
Encryption Block           7; Chunk           1 Passed!
Encryption Block           7; Chunk           2 Passed!
Encryption Block           7; Chunk           3 Passed!
Encryption Block           7; Chunk           4 Passed!
Encryption Block           7; Chunk           5 Passed!
Encryption Block           7; Chunk           6 Passed!
Encryption Block           7; Chunk           7 Passed!
Encryption Block           8; Chunk           0 Passed!
Encryption Block           8; Chunk           1 Passed!
Encryption Block           8; Chunk           2 Passed!
Encryption Block           8; Chunk           3 Passed!
Encryption Block           8; Chunk           4 Passed!
Encryption Block           8; Chunk           5 Passed!
Encryption Block           8; Chunk           6 Passed!
Encryption Block           8; Chunk           7 Passed!
Encryption Block           9; Chunk           0 Passed!
Encryption Block           9; Chunk           1 Passed!
Encryption Block           9; Chunk           2 Passed!
Encryption Block           9; Chunk           3 Passed!
Encryption Block           9; Chunk           4 Passed!
Encryption Block           9; Chunk           5 Passed!
Encryption Block           9; Chunk           6 Passed!
Encryption Block           9; Chunk           7 Passed!
Encryption Block          10; Chunk           0 Passed!
Encryption Block          10; Chunk           1 Passed!
Encryption Block          10; Chunk           2 Passed!
Encryption Block          10; Chunk           3 Passed!
Encryption Block          10; Chunk           4 Passed!
Encryption Block          10; Chunk           5 Passed!
Encryption Block          10; Chunk           6 Passed!
Encryption Block          10; Chunk           7 Passed!
Decryption Block           0; Chunk           0 Passed!
Decryption Block           0; Chunk           1 Passed!
Decryption Block           0; Chunk           2 Passed!
Decryption Block           0; Chunk           3 Passed!
Decryption Block           0; Chunk           4 Passed!
Decryption Block           0; Chunk           5 Passed!
Decryption Block           0; Chunk           6 Passed!
Decryption Block           0; Chunk           7 Passed!
Decryption Block           1; Chunk           0 Passed!
Decryption Block           1; Chunk           1 Passed!
Decryption Block           1; Chunk           2 Passed!
Decryption Block           1; Chunk           3 Passed!
Decryption Block           1; Chunk           4 Passed!
Decryption Block           1; Chunk           5 Passed!
Decryption Block           1; Chunk           6 Passed!
Decryption Block           1; Chunk           7 Passed!
Decryption Block           2; Chunk           0 Passed!
Decryption Block           2; Chunk           1 Passed!
Decryption Block           2; Chunk           2 Passed!
Decryption Block           2; Chunk           3 Passed!
Decryption Block           2; Chunk           4 Passed!
Decryption Block           2; Chunk           5 Passed!
Decryption Block           2; Chunk           6 Passed!
Decryption Block           2; Chunk           7 Passed!
Decryption Block           3; Chunk           0 Passed!
Decryption Block           3; Chunk           1 Passed!
Decryption Block           3; Chunk           2 Passed!
Decryption Block           3; Chunk           3 Passed!
Decryption Block           3; Chunk           4 Passed!
Decryption Block           3; Chunk           5 Passed!
Decryption Block           3; Chunk           6 Passed!
Decryption Block           3; Chunk           7 Passed!
Decryption Block           4; Chunk           0 Passed!
Decryption Block           4; Chunk           1 Passed!
Decryption Block           4; Chunk           2 Passed!
Decryption Block           4; Chunk           3 Passed!
Decryption Block           4; Chunk           4 Passed!
Decryption Block           4; Chunk           5 Passed!
Decryption Block           4; Chunk           6 Passed!
Decryption Block           4; Chunk           7 Passed!
Decryption Block           5; Chunk           0 Passed!
Decryption Block           5; Chunk           1 Passed!
Decryption Block           5; Chunk           2 Passed!
Decryption Block           5; Chunk           3 Passed!
Decryption Block           5; Chunk           4 Passed!
Decryption Block           5; Chunk           5 Passed!
Decryption Block           5; Chunk           6 Passed!
Decryption Block           5; Chunk           7 Passed!
Decryption Block           6; Chunk           0 Passed!
Decryption Block           6; Chunk           1 Passed!
Decryption Block           6; Chunk           2 Passed!
Decryption Block           6; Chunk           3 Passed!
Decryption Block           6; Chunk           4 Passed!
Decryption Block           6; Chunk           5 Passed!
Decryption Block           6; Chunk           6 Passed!
Decryption Block           6; Chunk           7 Passed!
Decryption Block           7; Chunk           0 Passed!
Decryption Block           7; Chunk           1 Passed!
Decryption Block           7; Chunk           2 Passed!
Decryption Block           7; Chunk           3 Passed!
Decryption Block           7; Chunk           4 Passed!
Decryption Block           7; Chunk           5 Passed!
Decryption Block           7; Chunk           6 Passed!
Decryption Block           7; Chunk           7 Passed!
Decryption Block           8; Chunk           0 Passed!
Decryption Block           8; Chunk           1 Passed!
Decryption Block           8; Chunk           2 Passed!
Decryption Block           8; Chunk           3 Passed!
Decryption Block           8; Chunk           4 Passed!
Decryption Block           8; Chunk           5 Passed!
Decryption Block           8; Chunk           6 Passed!
Decryption Block           8; Chunk           7 Passed!
Decryption Block           9; Chunk           0 Passed!
Decryption Block           9; Chunk           1 Passed!
Decryption Block           9; Chunk           2 Passed!
Decryption Block           9; Chunk           3 Passed!
Decryption Block           9; Chunk           4 Passed!
Decryption Block           9; Chunk           5 Passed!
Decryption Block           9; Chunk           6 Passed!
Decryption Block           9; Chunk           7 Passed!
Decryption Block          10; Chunk           0 Passed!
Decryption Block          10; Chunk           1 Passed!
Decryption Block          10; Chunk           2 Passed!
Decryption Block          10; Chunk           3 Passed!
Decryption Block          10; Chunk           4 Passed!
Decryption Block          10; Chunk           5 Passed!
Decryption Block          10; Chunk           6 Passed!
Decryption Block          10; Chunk           7 Passed!
Done! All test passed!  10 rounds with          32 bytes key
$finish called at time : 2985 ns : File "/media/psf/DigitalDesign/vivado/salsa20/salsa20.srcs/sim_1/new/tb_Salsa20.sv" Line 194
